May 12, 2020 10:14:39 PM com.redhat.quarkus.ls.QuarkusLanguageServer initialize
INFO: Initializing Quarkus server 0.0.4-20191120-1547 with C:\Program Files\JetBrains\IntelliJ IDEA 2019.3.3\jbr
May 12, 2020 10:16:20 PM com.redhat.quarkus.ls.QuarkusLanguageServer initialize
INFO: Initializing Quarkus server 0.0.4-20191120-1547 with C:\Program Files\JetBrains\IntelliJ IDEA 2019.3.3\jbr
May 12, 2020 10:34:33 PM org.eclipse.lsp4j.jsonrpc.RemoteEndpoint fallbackResponseError
SEVERE: Internal error: java.lang.NullPointerException
java.util.concurrent.CompletionException: java.lang.NullPointerException
	at java.base/java.util.concurrent.CompletableFuture.encodeThrowable(CompletableFuture.java:314)
	at java.base/java.util.concurrent.CompletableFuture.completeThrowable(CompletableFuture.java:319)
	at java.base/java.util.concurrent.CompletableFuture$UniCompose.tryFire(CompletableFuture.java:1081)
	at java.base/java.util.concurrent.CompletableFuture$Completion.exec(CompletableFuture.java:479)
	at java.base/java.util.concurrent.ForkJoinTask.doExec(ForkJoinTask.java:290)
	at java.base/java.util.concurrent.ForkJoinPool$WorkQueue.topLevelExec(ForkJoinPool.java:1020)
	at java.base/java.util.concurrent.ForkJoinPool.scan(ForkJoinPool.java:1656)
	at java.base/java.util.concurrent.ForkJoinPool.runWorker(ForkJoinPool.java:1594)
	at java.base/java.util.concurrent.ForkJoinWorkerThread.run(ForkJoinWorkerThread.java:177)
Caused by: java.lang.NullPointerException
	at java.base/java.util.concurrent.CompletableFuture$UniCompose.tryFire(CompletableFuture.java:1072)
	... 6 more

May 12, 2020 10:34:38 PM com.redhat.quarkus.ls.QuarkusLanguageServer initialize
INFO: Initializing Quarkus server 0.0.4-20191120-1547 with C:\Program Files\JetBrains\IntelliJ IDEA 2019.3.3\jbr
May 12, 2020 10:34:44 PM com.redhat.quarkus.ls.QuarkusLanguageServer initialize
INFO: Initializing Quarkus server 0.0.4-20191120-1547 with C:\Program Files\JetBrains\IntelliJ IDEA 2019.3.3\jbr
May 12, 2020 10:34:49 PM com.redhat.quarkus.ls.QuarkusLanguageServer initialize
INFO: Initializing Quarkus server 0.0.4-20191120-1547 with C:\Program Files\JetBrains\IntelliJ IDEA 2019.3.3\jbr
May 12, 2020 11:04:58 PM com.redhat.quarkus.ls.QuarkusLanguageServer initialize
INFO: Initializing Quarkus server 0.0.4-20191120-1547 with C:\Program Files\JetBrains\IntelliJ IDEA 2020.1.1\jbr
May 12, 2020 11:09:05 PM com.redhat.quarkus.ls.QuarkusLanguageServer initialize
INFO: Initializing Quarkus server 0.0.4-20191120-1547 with C:\Program Files\JetBrains\IntelliJ IDEA 2020.1.1\jbr
May 12, 2020 11:15:28 PM com.redhat.quarkus.ls.QuarkusLanguageServer initialize
INFO: Initializing Quarkus server 0.0.4-20191120-1547 with C:\Program Files\JetBrains\IntelliJ IDEA 2020.1.1\jbr
May 12, 2020 11:16:02 PM org.eclipse.lsp4j.jsonrpc.RemoteEndpoint fallbackResponseError
SEVERE: Internal error: java.lang.NullPointerException
java.util.concurrent.CompletionException: java.lang.NullPointerException
	at java.base/java.util.concurrent.CompletableFuture.encodeThrowable(CompletableFuture.java:314)
	at java.base/java.util.concurrent.CompletableFuture.completeThrowable(CompletableFuture.java:319)
	at java.base/java.util.concurrent.CompletableFuture$UniCompose.tryFire(CompletableFuture.java:1081)
	at java.base/java.util.concurrent.CompletableFuture$Completion.exec(CompletableFuture.java:479)
	at java.base/java.util.concurrent.ForkJoinTask.doExec(ForkJoinTask.java:290)
	at java.base/java.util.concurrent.ForkJoinPool$WorkQueue.topLevelExec(ForkJoinPool.java:1020)
	at java.base/java.util.concurrent.ForkJoinPool.scan(ForkJoinPool.java:1656)
	at java.base/java.util.concurrent.ForkJoinPool.runWorker(ForkJoinPool.java:1594)
	at java.base/java.util.concurrent.ForkJoinWorkerThread.run(ForkJoinWorkerThread.java:177)
Caused by: java.lang.NullPointerException
	at java.base/java.util.concurrent.CompletableFuture$UniCompose.tryFire(CompletableFuture.java:1072)
	... 6 more

May 12, 2020 11:16:07 PM com.redhat.quarkus.ls.QuarkusLanguageServer initialize
INFO: Initializing Quarkus server 0.0.4-20191120-1547 with C:\Program Files\JetBrains\IntelliJ IDEA 2020.1.1\jbr
May 12, 2020 11:16:13 PM com.redhat.quarkus.ls.QuarkusLanguageServer initialize
INFO: Initializing Quarkus server 0.0.4-20191120-1547 with C:\Program Files\JetBrains\IntelliJ IDEA 2020.1.1\jbr
May 12, 2020 11:16:19 PM com.redhat.quarkus.ls.QuarkusLanguageServer initialize
INFO: Initializing Quarkus server 0.0.4-20191120-1547 with C:\Program Files\JetBrains\IntelliJ IDEA 2020.1.1\jbr
